<?xml version="1.0" encoding="UTF-8"?>
<!-- Generated by org.testng.reporters.JUnitReportReporter -->
<testsuite hostname="HARI" name="main.java.businessComponents.MOBILE.AndroidTest" tests="2" failures="0" timestamp="10 Aug 2016 16:55:40 GMT" time="72.555" errors="0">
  <testcase name="login" time="21.090" classname="main.java.businessComponents.MOBILE.AndroidTest"/>
  <testcase name="addConnection" time="51.465" classname="main.java.businessComponents.MOBILE.AndroidTest"/>
</testsuite> <!-- main.java.businessComponents.MOBILE.AndroidTest -->
